 ============================>     TALLY 1     <============================

 Cell 31
   Total Material
     Kappa-Fission Rate                   4.78732e+06 +/- 95208
 Cell 34
   Total Material
     Kappa-Fission Rate                   1.10058e+07 +/- 66000.4
 Cell 37
   Total Material
     Kappa-Fission Rate                   1.44923e+07 +/- 228723
 Cell 40
   Total Material
     Kappa-Fission Rate                   1.46924e+07 +/- 207495
 Cell 43
   Total Material
     Kappa-Fission Rate                   1.37213e+07 +/- 160851
 Cell 46
   Total Material
     Kappa-Fission Rate                   1.25787e+07 +/- 128426
 Cell 49
   Total Material
     Kappa-Fission Rate                   1.06526e+07 +/- 80322.9
 Cell 52
   Total Material
     Kappa-Fission Rate                   8.35842e+06 +/- 206912
 Cell 55
   Total Material
     Kappa-Fission Rate                   5.53809e+06 +/- 247334
 Cell 58
   Total Material
     Kappa-Fission Rate                   2.18865e+06 +/- 120706
